0 verbose cli C:\Program Files\nodejs\node.exe C:\Users\LENOVO\AppData\Roaming\npm\node_modules\npm\bin\npm-cli.js
1 info using npm@11.7.0
2 info using node@v22.13.1
3 silly config load:file:C:\Users\LENOVO\AppData\Roaming\npm\node_modules\npm\npmrc
4 silly config load:file:D:\Projects\Freelance\WebKasey\lpcmskasey\.npmrc
5 silly config load:file:C:\Users\LENOVO\.npmrc
6 silly config load:file:C:\Users\LENOVO\AppData\Roaming\npm\etc\npmrc
7 verbose title npm exec pnpm@9.0.0 run check-types
8 verbose argv "exec" "--yes" "--" "pnpm@9.0.0" "run" "check-types"
9 verbose logfile logs-max:10 dir:D:\Projects\Freelance\WebKasey\lpcmskasey\.npm-cache\_logs\2026-05-18T09_52_49_226Z-
10 verbose logfile D:\Projects\Freelance\WebKasey\lpcmskasey\.npm-cache\_logs\2026-05-18T09_52_49_226Z-debug-0.log
11 silly logfile done cleaning log files
12 silly packumentCache heap:4345298944 maxSize:1086324736 maxEntrySize:543162368
13 http fetch GET 200 https://registry.npmjs.org/npm 303ms
14 http fetch GET 200 https://registry.npmjs.org/pnpm 314ms (cache miss)
15 silly packumentCache heap:4345298944 maxSize:1086324736 maxEntrySize:543162368
16 silly packumentCache heap:4345298944 maxSize:1086324736 maxEntrySize:543162368
17 silly idealTree buildDeps
18 silly fetch manifest pnpm@9.0.0
19 silly packumentCache full:https://registry.npmjs.org/pnpm cache-miss
20 http fetch GET 200 https://registry.npmjs.org/pnpm 178ms (cache miss)
21 silly packumentCache full:https://registry.npmjs.org/pnpm set size:undefined disposed:false
22 silly placeDep ROOT pnpm@9.0.0 OK for:  want: 9.0.0
23 silly reify moves {}
24 silly audit bulk request { pnpm: [ '9.0.0' ] }
25 http cache pnpm@https://registry.npmjs.org/pnpm/-/pnpm-9.0.0.tgz 0ms (cache hit)
26 silly tarball no local data for pnpm@https://registry.npmjs.org/pnpm/-/pnpm-9.0.0.tgz. Extracting by manifest.
27 http fetch POST 200 https://registry.npmjs.org/-/npm/v1/security/advisories/bulk 283ms
28 silly audit report {
28 silly audit report   pnpm: [
28 silly audit report     {
28 silly audit report       id: 1101099,
28 silly audit report       url: 'https://github.com/advisories/GHSA-vm32-9rqf-rh3r',
28 silly audit report       title: 'pnpm no-script global cache poisoning via overrides / `ignore-scripts` evasion',
28 silly audit report       severity: 'moderate',
28 silly audit report       vulnerable_versions: '<9.15.0',
28 silly audit report       cwe: [Array],
28 silly audit report       cvss: [Object]
28 silly audit report     },
28 silly audit report     {
28 silly audit report       id: 1104027,
28 silly audit report       url: 'https://github.com/advisories/GHSA-8cc4-rfj6-fhg4',
28 silly audit report       title: 'pnpm uses the md5 path shortening function causes packet paths to coincide, which causes indirect packet overwriting',
28 silly audit report       severity: 'moderate',
28 silly audit report       vulnerable_versions: '<10.0.0',
28 silly audit report       cwe: [Array],
28 silly audit report       cvss: [Object]
28 silly audit report     },
28 silly audit report     {
28 silly audit report       id: 1111961,
28 silly audit report       url: 'https://github.com/advisories/GHSA-7vhp-vf5g-r2fw',
28 silly audit report       title: 'pnpm Has Lockfile Integrity Bypass that Allows Remote Dynamic Dependencies',
28 silly audit report       severity: 'high',
28 silly audit report       vulnerable_versions: '<10.26.0',
28 silly audit report       cwe: [Array],
28 silly audit report       cvss: [Object]
28 silly audit report     },
28 silly audit report     {
28 silly audit report       id: 1112536,
28 silly audit report       url: 'https://github.com/advisories/GHSA-v253-rj99-jwpq',
28 silly audit report       title: 'pnpm has Path Traversal via arbitrary file permission modification ',
28 silly audit report       severity: 'moderate',
28 silly audit report       vulnerable_versions: '<10.28.2',
28 silly audit report       cwe: [Array],
28 silly audit report       cvss: [Object]
28 silly audit report     },
28 silly audit report     {
28 silly audit report       id: 1112639,
28 silly audit report       url: 'https://github.com/advisories/GHSA-6pfh-p556-v868',
28 silly audit report       title: 'pnpm: Binary ZIP extraction allows arbitrary file write via path traversal (Zip Slip)',
28 silly audit report       severity: 'moderate',
28 silly audit report       vulnerable_versions: '<10.28.1',
28 silly audit report       cwe: [Array],
28 silly audit report       cvss: [Object]
28 silly audit report     },
28 silly audit report     {
28 silly audit report       id: 1112679,
28 silly audit report       url: 'https://github.com/advisories/GHSA-6x96-7vc8-cm3p',
28 silly audit report       title: 'pnpm has Windows-specific tarball Path Traversal',
28 silly audit report       severity: 'moderate',
28 silly audit report       vulnerable_versions: '<10.28.1',
28 silly audit report       cwe: [Array],
28 silly audit report       cvss: [Object]
28 silly audit report     },
28 silly audit report     {
28 silly audit report       id: 1112680,
28 silly audit report       url: 'https://github.com/advisories/GHSA-xpqm-wm3m-f34h',
28 silly audit report       title: 'pnpm scoped bin name Path Traversal allows arbitrary file creation outside node_modules/.bin',
28 silly audit report       severity: 'moderate',
28 silly audit report       vulnerable_versions: '<10.28.1',
28 silly audit report       cwe: [Array],
28 silly audit report       cvss: [Object]
28 silly audit report     },
28 silly audit report     {
28 silly audit report       id: 1112681,
28 silly audit report       url: 'https://github.com/advisories/GHSA-m733-5w8f-5ggw',
28 silly audit report       title: 'pnpm has symlink traversal in file:/git dependencies',
28 silly audit report       severity: 'moderate',
28 silly audit report       vulnerable_versions: '<10.28.2',
28 silly audit report       cwe: [Array],
28 silly audit report       cvss: [Object]
28 silly audit report     },
28 silly audit report     {
28 silly audit report       id: 1117386,
28 silly audit report       url: 'https://github.com/advisories/GHSA-2phv-j68v-wwqx',
28 silly audit report       title: 'pnpm vulnerable to Command Injection via environment variable substitution',
28 silly audit report       severity: 'high',
28 silly audit report       vulnerable_versions: '>=6.25.0 <10.27.0',
28 silly audit report       cwe: [Array],
28 silly audit report       cvss: [Object]
28 silly audit report     }
28 silly audit report   ]
28 silly audit report }
29 silly packumentCache corgi:https://registry.npmjs.org/pnpm cache-miss
30 http cache https://registry.npmjs.org/pnpm 15ms (cache hit)
31 silly packumentCache corgi:https://registry.npmjs.org/pnpm set size:1779342 disposed:false
32 http fetch GET 200 https://registry.npmjs.org/pnpm/-/pnpm-9.0.0.tgz 3843ms (cache miss)
33 verbose cwd D:\Projects\Freelance\WebKasey\lpcmskasey
34 verbose os Windows_NT 10.0.26200
35 verbose node v22.13.1
36 verbose npm  v11.7.0
37 notice
37 notice New minor version of npm available! 11.7.0 -> 11.14.1
37 notice Changelog: https://github.com/npm/cli/releases/tag/v11.14.1
37 notice To update run: npm install -g npm@11.14.1
37 notice  { force: true, [Symbol(proc-log.meta)]: true }
38 verbose exit 1
39 verbose code 1
